-------------------------------------------------------------------------------
Test set: ca.jrvs.apps.twitter.service.TwitterServiceIntTest
-------------------------------------------------------------------------------
Tests run: 3, Failures: 0, Errors: 3, Skipped: 0, Time elapsed: 0.221 s <<< FAILURE! - in ca.jrvs.apps.twitter.service.TwitterServiceIntTest
showTweet(ca.jrvs.apps.twitter.service.TwitterServiceIntTest)  Time elapsed: 0.148 s  <<< ERROR!
java.lang.RuntimeException: java.lang.RuntimeException: Failed to execute
	at ca.jrvs.apps.twitter.service.TwitterServiceIntTest.showTweet(TwitterServiceIntTest.java:55)
Caused by: java.lang.RuntimeException: Failed to execute
	at ca.jrvs.apps.twitter.service.TwitterServiceIntTest.showTweet(TwitterServiceIntTest.java:55)
Caused by: oauth.signpost.exception.OAuthExpectationFailedException: consumer key not set
	at ca.jrvs.apps.twitter.service.TwitterServiceIntTest.showTweet(TwitterServiceIntTest.java:55)

deleteTweets(ca.jrvs.apps.twitter.service.TwitterServiceIntTest)  Time elapsed: 0 s  <<< ERROR!
java.lang.RuntimeException: java.lang.RuntimeException: Failed to execute
	at ca.jrvs.apps.twitter.service.TwitterServiceIntTest.deleteTweets(TwitterServiceIntTest.java:74)
Caused by: java.lang.RuntimeException: Failed to execute
	at ca.jrvs.apps.twitter.service.TwitterServiceIntTest.deleteTweets(TwitterServiceIntTest.java:74)
Caused by: oauth.signpost.exception.OAuthExpectationFailedException: consumer key not set
	at ca.jrvs.apps.twitter.service.TwitterServiceIntTest.deleteTweets(TwitterServiceIntTest.java:74)

postTweet(ca.jrvs.apps.twitter.service.TwitterServiceIntTest)  Time elapsed: 0.01 s  <<< ERROR!
java.lang.RuntimeException: java.lang.RuntimeException: Failed to execute
	at ca.jrvs.apps.twitter.service.TwitterServiceIntTest.postTweet(TwitterServiceIntTest.java:39)
Caused by: java.lang.RuntimeException: Failed to execute
	at ca.jrvs.apps.twitter.service.TwitterServiceIntTest.postTweet(TwitterServiceIntTest.java:39)
Caused by: oauth.signpost.exception.OAuthExpectationFailedException: consumer key not set
	at ca.jrvs.apps.twitter.service.TwitterServiceIntTest.postTweet(TwitterServiceIntTest.java:39)

